[2018-06-13 17:40:13]	E:\work\NLPir\Data\NLPIR.user Not valid license or your license expired! Please feel free to contact pipy_zhang@msn.com! 
[2018-06-13 17:41:00]	E:\work\NLPir\Data\NLPIR.user Not valid license or your license expired! Please feel free to contact pipy_zhang@msn.com! 
[2018-06-13 17:41:54]	E:\work\NLPir\Data\NLPIR.user Not valid license or your license expired! Please feel free to contact pipy_zhang@msn.com! 
[2018-06-13 17:45:58]	E:\work\NLPir\Data\NLPIR.user Not valid license or your license expired! Please feel free to contact pipy_zhang@msn.com! 
[2018-06-13 17:46:37]	E:\work\NLPir\Data\NLPIR.user Not valid license or your license expired! Please feel free to contact pipy_zhang@msn.com! 
[2018-06-13 17:47:35]	E:\work\NLPir\Data\NLPIR.user Not valid license or your license expired! Please feel free to contact pipy_zhang@msn.com! 
[2018-06-13 17:48:01]	Cannot open file 
[2018-06-13 17:48:01]	E:\work\NLPir\Data\KeyBlackList.pdat
[2018-06-13 17:48:01]	Failed Open file Failed Open file 
[2018-06-13 17:48:01]	Error read file
[2018-06-13 17:48:01]	E:\work\NLPir\source\userdic.txt
[2018-06-13 17:48:01]	Error read file
[2018-06-13 17:48:01]	D:\1.txt
[2018-06-13 17:54:44]	Cannot open file 
[2018-06-13 17:54:44]	E:\work\NLPir\Data\KeyBlackList.pdat
[2018-06-13 17:54:44]	Failed Open file Failed Open file 
[2018-06-13 17:54:44]	Error read file
[2018-06-13 17:54:44]	E:\work\NLPir\source\userdic.txt
[2018-06-13 17:55:42]	Cannot open file 
[2018-06-13 17:55:42]	E:\work\NLPir\Data\KeyBlackList.pdat
[2018-06-13 17:55:42]	Failed Open file Failed Open file 
[2018-06-13 17:55:42]	Error read file
[2018-06-13 17:55:42]	E:\work\NLPir\source\userdic.txt
[2018-06-13 17:56:30]	Cannot open file 
[2018-06-13 17:56:30]	E:\work\NLPir\Data\KeyBlackList.pdat
[2018-06-13 17:56:30]	Failed Open file Failed Open file 
[2018-06-13 17:56:30]	Error read file
[2018-06-13 17:56:30]	E:\work\NLPir\source\userdic.txt
[2018-06-13 17:57:17]	Cannot open file 
[2018-06-13 17:57:17]	E:\work\NLPir\Data\KeyBlackList.pdat
[2018-06-13 17:57:17]	Failed Open file Failed Open file 
[2018-06-13 17:57:17]	Error read file
[2018-06-13 17:57:17]	E:\work\NLPir\source\userdic.txt
[2018-06-13 17:57:37]	Cannot open file 
[2018-06-13 17:57:37]	E:\work\NLPir\Data\KeyBlackList.pdat
[2018-06-13 17:57:37]	Failed Open file Failed Open file 
[2018-06-13 17:57:37]	Error read file
[2018-06-13 17:57:37]	E:\work\NLPir\source\userdic.txt
